Command line: ./SPAdes-3.15.0-Linux/bin/spades.py	-1	/ocean/projects/agr250001p/jbodrie/Student-Led-Tutorial-2/trimmed_1.fastq	-2	/ocean/projects/agr250001p/jbodrie/Student-Led-Tutorial-2/trimmed_2.fastq	-o	/ocean/projects/agr250001p/jbodrie/Student-Led-Tutorial-2/spades_output	

System information:
  SPAdes version: 3.15.0
  Python version: 3.6.8
  OS: Linux-4.18.0-553.22.1.el8_10.x86_64-x86_64-with-redhat-8.10-Ootpa

Output dir: /ocean/projects/agr250001p/jbodrie/Student-Led-Tutorial-2/spades_output
Mode: read error correction and assembling
Debug mode is turned OFF

Dataset parameters:
  Standard mode
  For multi-cell/isolate data we recommend to use '--isolate' option; for single-cell MDA data use '--sc'; for metagenomic data use '--meta'; for RNA-Seq use '--rna'.
  Reads:
    Library number: 1, library type: paired-end
      orientation: fr
      left reads: ['/ocean/projects/agr250001p/jbodrie/Student-Led-Tutorial-2/trimmed_1.fastq']
      right reads: ['/ocean/projects/agr250001p/jbodrie/Student-Led-Tutorial-2/trimmed_2.fastq']
      interlaced reads: not specified
      single reads: not specified
      merged reads: not specified
Read error correction parameters:
  Iterations: 1
  PHRED offset will be auto-detected
  Corrected reads will be compressed
Assembly parameters:
  k: automatic selection based on read length
  Repeat resolution is enabled
  Mismatch careful mode is turned OFF
  MismatchCorrector will be SKIPPED
  Coverage cutoff is turned OFF
Other parameters:
  Dir for temp files: /ocean/projects/agr250001p/jbodrie/Student-Led-Tutorial-2/spades_output/tmp
  Threads: 16
  Memory limit (in Gb): 250


======= SPAdes pipeline started. Log can be found here: /ocean/projects/agr250001p/jbodrie/Student-Led-Tutorial-2/spades_output/spades.log

/ocean/projects/agr250001p/jbodrie/Student-Led-Tutorial-2/trimmed_1.fastq: max reads length: 151
/ocean/projects/agr250001p/jbodrie/Student-Led-Tutorial-2/trimmed_2.fastq: max reads length: 151

Reads length: 151

Default k-mer sizes were set to [21, 33, 55, 77] because estimated read length (151) is equal to or greater than 150

===== Before start started. 


===== Read error correction started. 


===== Read error correction started. 


== Running: /ocean/projects/agr250001p/jbodrie/Student-Led-Tutorial-2/SPAdes-3.15.0-Linux/bin/spades-hammer /ocean/projects/agr250001p/jbodrie/Student-Led-Tutorial-2/spades_output/corrected/configs/config.info

  0:00:00.000     1M / 14M   INFO    General                 (main.cpp                  :  75)   Starting BayesHammer, built from refs/heads/spades_3.15.0, git revision fe141b4b472f6867d92395b07591cf4f24122c7a
  0:00:00.000     1M / 14M   INFO    General                 (main.cpp                  :  76)   Loading config from /ocean/projects/agr250001p/jbodrie/Student-Led-Tutorial-2/spades_output/corrected/configs/config.info
  0:00:00.000     1M / 14M   INFO    General                 (main.cpp                  :  78)   Maximum # of threads to use (adjusted due to OMP capabilities): 1
  0:00:00.000     1M / 14M   INFO    General                 (memory_limit.cpp          :  48)   Memory limit set to 250 Gb
  0:00:00.001     1M / 14M   INFO    General                 (main.cpp                  :  86)   Trying to determine PHRED offset
  0:00:00.001     1M / 14M   INFO    General                 (main.cpp                  :  92)   Determined value is 33
  0:00:00.001     1M / 14M   INFO    General                 (hammer_tools.cpp          :  38)   Hamming graph threshold tau=1, k=21, subkmer positions = [ 0 10 ]
  0:00:00.001     1M / 14M   INFO    General                 (main.cpp                  : 113)   Size of aux. kmer data 24 bytes
     === ITERATION 0 begins ===
  0:00:00.001     1M / 14M   INFO    General                 (kmer_index_builder.hpp    : 243)   Splitting kmer instances into 16 files using 1 threads. This might take a while.
  0:00:00.002     1M / 14M   INFO    General                 (file_limit.hpp            :  32)   Open file limit set to 131072
  0:00:00.002     1M / 14M   INFO    General                 (kmer_splitter.hpp         :  93)   Memory available for splitting buffers: 83.3333 Gb
  0:00:00.002     1M / 14M   INFO    General                 (kmer_splitter.hpp         : 101)   Using cell size of 4194304
  0:00:00.005   577M / 577M  INFO   K-mer Splitting          (kmer_data.cpp             :  97)   Processing /ocean/projects/agr250001p/jbodrie/Student-Led-Tutorial-2/trimmed_1.fastq
  0:00:06.547   577M / 577M  INFO   K-mer Splitting          (kmer_data.cpp             : 107)   Processed 262727 reads
  0:00:12.896   577M / 577M  INFO   K-mer Splitting          (kmer_data.cpp             : 107)   Processed 525875 reads
  0:00:13.785   577M / 577M  INFO   K-mer Splitting          (kmer_data.cpp             : 107)   Processed 561903 reads
  0:00:13.785   577M / 577M  INFO   K-mer Splitting          (kmer_data.cpp             :  97)   Processing /ocean/projects/agr250001p/jbodrie/Student-Led-Tutorial-2/trimmed_2.fastq
  0:00:20.300   577M / 577M  INFO   K-mer Splitting          (kmer_data.cpp             : 107)   Processed 831389 reads
  0:00:26.859   577M / 577M  INFO   K-mer Splitting          (kmer_data.cpp             : 107)   Processed 1101523 reads
  0:00:27.422   577M / 577M  INFO   K-mer Splitting          (kmer_data.cpp             : 107)   Processed 1123806 reads
  0:00:27.422   577M / 577M  INFO   K-mer Splitting          (kmer_data.cpp             : 112)   Total 1123806 reads processed
  0:00:27.422     1M / 553M  INFO    General                 (kmer_index_builder.hpp    : 249)   Starting k-mer counting.
  0:00:28.058     1M / 553M  INFO    General                 (kmer_index_builder.hpp    : 260)   K-mer counting done. There are 7935472 kmers in total.
  0:00:28.059     1M / 553M  INFO   K-mer Index Building     (kmer_index_builder.hpp    : 395)   Building perfect hash indices
  0:00:28.568     6M / 553M  INFO   K-mer Index Building     (kmer_index_builder.hpp    : 431)   Index built. Total 7935472 kmers, 5743504 bytes occupied (5.79021 bits per kmer).
  0:00:28.568     6M / 553M  INFO   K-mer Counting           (kmer_data.cpp             : 354)   Arranging kmers in hash map order
  0:00:29.226   135M / 553M  INFO    General                 (main.cpp                  : 148)   Clustering Hamming graph.
  0:00:56.802   135M / 553M  INFO    General                 (main.cpp                  : 155)   Extracting clusters:
  0:00:56.802   135M / 553M  INFO    General                 (concurrent_dsu.cpp        :  18)   Connecting to root
  0:00:56.910   135M / 553M  INFO    General                 (concurrent_dsu.cpp        :  34)   Calculating counts
  0:00:57.798   271M / 553M  INFO    General                 (concurrent_dsu.cpp        :  63)   Writing down entries
  0:00:58.602   135M / 553M  INFO    General                 (main.cpp                  : 167)   Clustering done. Total clusters: 3956718
  0:00:58.607    71M / 553M  INFO   K-mer Counting           (kmer_data.cpp             : 371)   Collecting K-mer information, this takes a while.
  0:00:58.630   255M / 553M  INFO   K-mer Counting           (kmer_data.cpp             : 377)   Processing /ocean/projects/agr250001p/jbodrie/Student-Led-Tutorial-2/trimmed_1.fastq
